{"D:\\frontend\\npm\\FileToAliOss-webpack-plugin\\src\\index.ts": {"path":"D:\\frontend\\npm\\FileToAliOss-webpack-plugin\\src\\index.ts","statementMap":{"0":{"start":{"line":22,"column":4},"end":{"line":22,"column":25}},"1":{"start":{"line":23,"column":4},"end":{"line":23,"column":56}},"2":{"start":{"line":27,"column":26},"end":{"line":27,"column":63}},"3":{"start":{"line":28,"column":4},"end":{"line":32,"column":6}},"4":{"start":{"line":36,"column":4},"end":{"line":38,"column":5}},"5":{"start":{"line":37,"column":6},"end":{"line":37,"column":39}},"6":{"start":{"line":40,"column":4},"end":{"line":45,"column":7}},"7":{"start":{"line":41,"column":6},"end":{"line":44,"column":9}},"8":{"start":{"line":42,"column":8},"end":{"line":42,"column":29}},"9":{"start":{"line":42,"column":17},"end":{"line":42,"column":29}},"10":{"start":{"line":43,"column":8},"end":{"line":43,"column":38}},"11":{"start":{"line":49,"column":4},"end":{"line":53,"column":5}},"12":{"start":{"line":50,"column":6},"end":{"line":52,"column":8}},"13":{"start":{"line":54,"column":4},"end":{"line":54,"column":21}}},"fnMap":{"0":{"name":"(anonymous_0)","decl":{"start":{"line":21,"column":2},"end":{"line":21,"column":3}},"loc":{"start":{"line":21,"column":39},"end":{"line":24,"column":3}},"line":21},"1":{"name":"(anonymous_1)","decl":{"start":{"line":26,"column":2},"end":{"line":26,"column":3}},"loc":{"start":{"line":26,"column":50},"end":{"line":33,"column":3}},"line":26},"2":{"name":"(anonymous_2)","decl":{"start":{"line":35,"column":2},"end":{"line":35,"column":3}},"loc":{"start":{"line":35,"column":48},"end":{"line":46,"column":3}},"line":35},"3":{"name":"(anonymous_3)","decl":{"start":{"line":40,"column":31},"end":{"line":40,"column":32}},"loc":{"start":{"line":40,"column":52},"end":{"line":45,"column":5}},"line":40},"4":{"name":"(anonymous_4)","decl":{"start":{"line":41,"column":43},"end":{"line":41,"column":44}},"loc":{"start":{"line":41,"column":64},"end":{"line":44,"column":7}},"line":41},"5":{"name":"(anonymous_5)","decl":{"start":{"line":48,"column":2},"end":{"line":48,"column":3}},"loc":{"start":{"line":48,"column":29},"end":{"line":55,"column":3}},"line":48}},"branchMap":{"0":{"loc":{"start":{"line":36,"column":4},"end":{"line":38,"column":5}},"type":"if","locations":[{"start":{"line":36,"column":4},"end":{"line":38,"column":5}},{"start":{},"end":{}}],"line":36},"1":{"loc":{"start":{"line":42,"column":8},"end":{"line":42,"column":29}},"type":"if","locations":[{"start":{"line":42,"column":8},"end":{"line":42,"column":29}},{"start":{},"end":{}}],"line":42},"2":{"loc":{"start":{"line":49,"column":4},"end":{"line":53,"column":5}},"type":"if","locations":[{"start":{"line":49,"column":4},"end":{"line":53,"column":5}},{"start":{},"end":{}}],"line":49}},"s":{"0":2,"1":2,"2":1,"3":1,"4":1,"5":0,"6":1,"7":1,"8":1,"9":0,"10":1,"11":1,"12":1,"13":0},"f":{"0":2,"1":1,"2":1,"3":1,"4":1,"5":1},"b":{"0":[0,1],"1":[0,1],"2":[1,0]},"_coverageSchema":"1a1c01bbd47fc00a2c39e90264f33305004495a9","hash":"a6e86126c679f7a1560107aacef69cca5df964e6"}
}
