{"D:\\frontend\\npm\\FileToAliOss-webpack-plugin\\src\\index.ts": {"path":"D:\\frontend\\npm\\FileToAliOss-webpack-plugin\\src\\index.ts","statementMap":{"0":{"start":{"line":30,"column":39},"end":{"line":49,"column":1}},"1":{"start":{"line":51,"column":12},"end":{"line":51,"column":26}},"2":{"start":{"line":52,"column":14},"end":{"line":52,"column":35}},"3":{"start":{"line":54,"column":2},"end":{"line":54,"column":24}},"4":{"start":{"line":58,"column":2},"end":{"line":60,"column":63}},"5":{"start":{"line":64,"column":15},"end":{"line":64,"column":62}},"6":{"start":{"line":65,"column":18},"end":{"line":65,"column":71}},"7":{"start":{"line":66,"column":2},"end":{"line":68,"column":3}},"8":{"start":{"line":67,"column":4},"end":{"line":67,"column":54}},"9":{"start":{"line":69,"column":2},"end":{"line":74,"column":5}},"10":{"start":{"line":70,"column":4},"end":{"line":73,"column":7}},"11":{"start":{"line":71,"column":6},"end":{"line":71,"column":27}},"12":{"start":{"line":71,"column":15},"end":{"line":71,"column":27}},"13":{"start":{"line":72,"column":6},"end":{"line":72,"column":36}},"14":{"start":{"line":83,"column":4},"end":{"line":83,"column":43}},"15":{"start":{"line":84,"column":4},"end":{"line":84,"column":25}},"16":{"start":{"line":85,"column":4},"end":{"line":85,"column":27}},"17":{"start":{"line":86,"column":4},"end":{"line":86,"column":50}},"18":{"start":{"line":88,"column":4},"end":{"line":88,"column":56}},"19":{"start":{"line":94,"column":22},"end":{"line":94,"column":66}},"20":{"start":{"line":95,"column":4},"end":{"line":99,"column":6}},"21":{"start":{"line":103,"column":4},"end":{"line":105,"column":5}},"22":{"start":{"line":104,"column":6},"end":{"line":104,"column":28}},"23":{"start":{"line":109,"column":22},"end":{"line":112,"column":13}},"24":{"start":{"line":110,"column":6},"end":{"line":112,"column":13}},"25":{"start":{"line":114,"column":4},"end":{"line":126,"column":6}},"26":{"start":{"line":130,"column":4},"end":{"line":141,"column":5}},"27":{"start":{"line":131,"column":6},"end":{"line":136,"column":8}},"28":{"start":{"line":134,"column":10},"end":{"line":134,"column":45}},"29":{"start":{"line":138,"column":6},"end":{"line":140,"column":9}},"30":{"start":{"line":139,"column":8},"end":{"line":139,"column":43}},"31":{"start":{"line":145,"column":18},"end":{"line":145,"column":52}},"32":{"start":{"line":146,"column":4},"end":{"line":146,"column":52}},"33":{"start":{"line":147,"column":4},"end":{"line":159,"column":5}},"34":{"start":{"line":148,"column":6},"end":{"line":148,"column":49}},"35":{"start":{"line":149,"column":6},"end":{"line":149,"column":53}},"36":{"start":{"line":151,"column":6},"end":{"line":155,"column":8}},"37":{"start":{"line":156,"column":6},"end":{"line":158,"column":7}},"38":{"start":{"line":157,"column":8},"end":{"line":157,"column":37}},"39":{"start":{"line":160,"column":4},"end":{"line":160,"column":15}},"40":{"start":{"line":164,"column":4},"end":{"line":164,"column":50}},"41":{"start":{"line":164,"column":26},"end":{"line":164,"column":50}},"42":{"start":{"line":166,"column":4},"end":{"line":180,"column":5}},"43":{"start":{"line":167,"column":6},"end":{"line":167,"column":44}},"44":{"start":{"line":171,"column":6},"end":{"line":172,"column":60}},"45":{"start":{"line":173,"column":6},"end":{"line":179,"column":7}},"46":{"start":{"line":175,"column":8},"end":{"line":175,"column":79}},"47":{"start":{"line":176,"column":8},"end":{"line":176,"column":50}},"48":{"start":{"line":178,"column":8},"end":{"line":178,"column":82}},"49":{"start":{"line":181,"column":4},"end":{"line":181,"column":55}},"50":{"start":{"line":182,"column":4},"end":{"line":182,"column":28}},"51":{"start":{"line":186,"column":23},"end":{"line":186,"column":24}},"52":{"start":{"line":187,"column":4},"end":{"line":236,"column":5}},"53":{"start":{"line":188,"column":6},"end":{"line":188,"column":26}},"54":{"start":{"line":189,"column":25},"end":{"line":192,"column":7}},"55":{"start":{"line":194,"column":6},"end":{"line":235,"column":7}},"56":{"start":{"line":195,"column":8},"end":{"line":201,"column":10}},"57":{"start":{"line":203,"column":8},"end":{"line":234,"column":9}},"58":{"start":{"line":204,"column":25},"end":{"line":207,"column":12}},"59":{"start":{"line":208,"column":32},"end":{"line":210,"column":11}},"60":{"start":{"line":209,"column":27},"end":{"line":209,"column":51}},"61":{"start":{"line":211,"column":10},"end":{"line":225,"column":11}},"62":{"start":{"line":212,"column":28},"end":{"line":212,"column":79}},"63":{"start":{"line":213,"column":12},"end":{"line":219,"column":14}},"64":{"start":{"line":220,"column":12},"end":{"line":222,"column":13}},"65":{"start":{"line":221,"column":14},"end":{"line":221,"column":51}},"66":{"start":{"line":224,"column":12},"end":{"line":224,"column":57}},"67":{"start":{"line":227,"column":10},"end":{"line":233,"column":12}},"68":{"start":{"line":246,"column":23},"end":{"line":246,"column":35}},"69":{"start":{"line":247,"column":26},"end":{"line":247,"column":79}},"70":{"start":{"line":248,"column":20},"end":{"line":248,"column":62}},"71":{"start":{"line":249,"column":4},"end":{"line":270,"column":5}},"72":{"start":{"line":249,"column":21},"end":{"line":249,"column":22}},"73":{"start":{"line":250,"column":6},"end":{"line":269,"column":7}},"74":{"start":{"line":251,"column":8},"end":{"line":256,"column":10}},"75":{"start":{"line":257,"column":8},"end":{"line":257,"column":69}},"76":{"start":{"line":258,"column":8},"end":{"line":260,"column":10}},"77":{"start":{"line":261,"column":8},"end":{"line":263,"column":9}},"78":{"start":{"line":262,"column":10},"end":{"line":262,"column":47}},"79":{"start":{"line":264,"column":8},"end":{"line":264,"column":15}},"80":{"start":{"line":266,"column":8},"end":{"line":268,"column":9}},"81":{"start":{"line":267,"column":10},"end":{"line":267,"column":20}},"82":{"start":{"line":275,"column":6},"end":{"line":275,"column":68}},"83":{"start":{"line":276,"column":4},"end":{"line":290,"column":5}},"84":{"start":{"line":277,"column":6},"end":{"line":287,"column":7}},"85":{"start":{"line":278,"column":8},"end":{"line":280,"column":9}},"86":{"start":{"line":279,"column":10},"end":{"line":279,"column":43}},"87":{"start":{"line":281,"column":8},"end":{"line":281,"column":65}},"88":{"start":{"line":282,"column":8},"end":{"line":282,"column":35}},"89":{"start":{"line":284,"column":8},"end":{"line":286,"column":10}},"90":{"start":{"line":289,"column":6},"end":{"line":289,"column":63}},"91":{"start":{"line":294,"column":31},"end":{"line":294,"column":33}},"92":{"start":{"line":295,"column":22},"end":{"line":295,"column":53}},"93":{"start":{"line":296,"column":4},"end":{"line":300,"column":5}},"94":{"start":{"line":297,"column":6},"end":{"line":299,"column":7}},"95":{"start":{"line":298,"column":8},"end":{"line":298,"column":53}},"96":{"start":{"line":301,"column":4},"end":{"line":305,"column":8}},"97":{"start":{"line":301,"column":53},"end":{"line":305,"column":5}},"98":{"start":{"line":309,"column":4},"end":{"line":314,"column":5}},"99":{"start":{"line":310,"column":18},"end":{"line":310,"column":78}},"100":{"start":{"line":311,"column":6},"end":{"line":311,"column":22}},"101":{"start":{"line":313,"column":6},"end":{"line":313,"column":16}},"102":{"start":{"line":318,"column":4},"end":{"line":323,"column":5}},"103":{"start":{"line":319,"column":6},"end":{"line":322,"column":8}},"104":{"start":{"line":327,"column":4},"end":{"line":330,"column":6}},"105":{"start":{"line":333,"column":0},"end":{"line":333,"column":43}}},"fnMap":{"0":{"name":"isTruthy","decl":{"start":{"line":53,"column":9},"end":{"line":53,"column":17}},"loc":{"start":{"line":53,"column":31},"end":{"line":55,"column":1}},"line":53},"1":{"name":"getTimeStr","decl":{"start":{"line":57,"column":9},"end":{"line":57,"column":19}},"loc":{"start":{"line":57,"column":32},"end":{"line":61,"column":1}},"line":57},"2":{"name":"getFileContentBuffer","decl":{"start":{"line":63,"column":9},"end":{"line":63,"column":29}},"loc":{"start":{"line":63,"column":68},"end":{"line":75,"column":1}},"line":63},"3":{"name":"(anonymous_3)","decl":{"start":{"line":69,"column":29},"end":{"line":69,"column":30}},"loc":{"start":{"line":69,"column":50},"end":{"line":74,"column":3}},"line":69},"4":{"name":"(anonymous_4)","decl":{"start":{"line":70,"column":50},"end":{"line":70,"column":51}},"loc":{"start":{"line":70,"column":71},"end":{"line":73,"column":5}},"line":70},"5":{"name":"(anonymous_5)","decl":{"start":{"line":82,"column":2},"end":{"line":82,"column":3}},"loc":{"start":{"line":82,"column":49},"end":{"line":89,"column":3}},"line":82},"6":{"name":"(anonymous_6)","decl":{"start":{"line":91,"column":2},"end":{"line":91,"column":3}},"loc":{"start":{"line":93,"column":21},"end":{"line":100,"column":3}},"line":93},"7":{"name":"(anonymous_7)","decl":{"start":{"line":102,"column":2},"end":{"line":102,"column":3}},"loc":{"start":{"line":102,"column":26},"end":{"line":106,"column":3}},"line":102},"8":{"name":"(anonymous_8)","decl":{"start":{"line":108,"column":2},"end":{"line":108,"column":3}},"loc":{"start":{"line":108,"column":77},"end":{"line":127,"column":3}},"line":108},"9":{"name":"(anonymous_9)","decl":{"start":{"line":109,"column":22},"end":{"line":109,"column":23}},"loc":{"start":{"line":110,"column":6},"end":{"line":112,"column":13}},"line":110},"10":{"name":"(anonymous_10)","decl":{"start":{"line":129,"column":2},"end":{"line":129,"column":3}},"loc":{"start":{"line":129,"column":23},"end":{"line":142,"column":3}},"line":129},"11":{"name":"(anonymous_11)","decl":{"start":{"line":133,"column":8},"end":{"line":133,"column":9}},"loc":{"start":{"line":133,"column":52},"end":{"line":135,"column":9}},"line":133},"12":{"name":"(anonymous_12)","decl":{"start":{"line":138,"column":30},"end":{"line":138,"column":31}},"loc":{"start":{"line":138,"column":74},"end":{"line":140,"column":7}},"line":138},"13":{"name":"(anonymous_13)","decl":{"start":{"line":144,"column":2},"end":{"line":144,"column":3}},"loc":{"start":{"line":144,"column":63},"end":{"line":161,"column":3}},"line":144},"14":{"name":"(anonymous_14)","decl":{"start":{"line":163,"column":2},"end":{"line":163,"column":3}},"loc":{"start":{"line":163,"column":28},"end":{"line":183,"column":3}},"line":163},"15":{"name":"(anonymous_15)","decl":{"start":{"line":185,"column":2},"end":{"line":185,"column":3}},"loc":{"start":{"line":185,"column":60},"end":{"line":237,"column":3}},"line":185},"16":{"name":"(anonymous_16)","decl":{"start":{"line":209,"column":12},"end":{"line":209,"column":13}},"loc":{"start":{"line":209,"column":27},"end":{"line":209,"column":51}},"line":209},"17":{"name":"(anonymous_17)","decl":{"start":{"line":239,"column":2},"end":{"line":239,"column":3}},"loc":{"start":{"line":245,"column":4},"end":{"line":271,"column":3}},"line":245},"18":{"name":"(anonymous_18)","decl":{"start":{"line":273,"column":2},"end":{"line":273,"column":3}},"loc":{"start":{"line":273,"column":45},"end":{"line":291,"column":3}},"line":273},"19":{"name":"(anonymous_19)","decl":{"start":{"line":293,"column":2},"end":{"line":293,"column":3}},"loc":{"start":{"line":293,"column":45},"end":{"line":306,"column":3}},"line":293},"20":{"name":"(anonymous_20)","decl":{"start":{"line":301,"column":42},"end":{"line":301,"column":43}},"loc":{"start":{"line":301,"column":53},"end":{"line":305,"column":5}},"line":301},"21":{"name":"(anonymous_21)","decl":{"start":{"line":308,"column":2},"end":{"line":308,"column":3}},"loc":{"start":{"line":308,"column":30},"end":{"line":315,"column":3}},"line":308},"22":{"name":"(anonymous_22)","decl":{"start":{"line":317,"column":2},"end":{"line":317,"column":3}},"loc":{"start":{"line":317,"column":34},"end":{"line":324,"column":3}},"line":317},"23":{"name":"(anonymous_23)","decl":{"start":{"line":326,"column":2},"end":{"line":326,"column":3}},"loc":{"start":{"line":326,"column":35},"end":{"line":331,"column":3}},"line":326}},"branchMap":{"0":{"loc":{"start":{"line":64,"column":15},"end":{"line":64,"column":62}},"type":"binary-expr","locations":[{"start":{"line":64,"column":15},"end":{"line":64,"column":42}},{"start":{"line":64,"column":46},"end":{"line":64,"column":62}}],"line":64},"1":{"loc":{"start":{"line":65,"column":18},"end":{"line":65,"column":71}},"type":"cond-expr","locations":[{"start":{"line":65,"column":48},"end":{"line":65,"column":66}},{"start":{"line":65,"column":69},"end":{"line":65,"column":71}}],"line":65},"2":{"loc":{"start":{"line":66,"column":2},"end":{"line":68,"column":3}},"type":"if","locations":[{"start":{"line":66,"column":2},"end":{"line":68,"column":3}},{"start":{},"end":{}}],"line":66},"3":{"loc":{"start":{"line":71,"column":6},"end":{"line":71,"column":27}},"type":"if","locations":[{"start":{"line":71,"column":6},"end":{"line":71,"column":27}},{"start":{},"end":{}}],"line":71},"4":{"loc":{"start":{"line":98,"column":10},"end":{"line":98,"column":22}},"type":"binary-expr","locations":[{"start":{"line":98,"column":10},"end":{"line":98,"column":16}},{"start":{"line":98,"column":20},"end":{"line":98,"column":22}}],"line":98},"5":{"loc":{"start":{"line":103,"column":4},"end":{"line":105,"column":5}},"type":"if","locations":[{"start":{"line":103,"column":4},"end":{"line":105,"column":5}},{"start":{},"end":{}}],"line":103},"6":{"loc":{"start":{"line":103,"column":8},"end":{"line":103,"column":70}},"type":"binary-expr","locations":[{"start":{"line":103,"column":8},"end":{"line":103,"column":45}},{"start":{"line":103,"column":49},"end":{"line":103,"column":70}}],"line":103},"7":{"loc":{"start":{"line":110,"column":6},"end":{"line":112,"column":13}},"type":"binary-expr","locations":[{"start":{"line":110,"column":6},"end":{"line":112,"column":7}},{"start":{"line":112,"column":11},"end":{"line":112,"column":13}}],"line":110},"8":{"loc":{"start":{"line":111,"column":11},"end":{"line":111,"column":37}},"type":"binary-expr","locations":[{"start":{"line":111,"column":11},"end":{"line":111,"column":20}},{"start":{"line":111,"column":24},"end":{"line":111,"column":37}}],"line":111},"9":{"loc":{"start":{"line":130,"column":4},"end":{"line":141,"column":5}},"type":"if","locations":[{"start":{"line":130,"column":4},"end":{"line":141,"column":5}},{"start":{"line":137,"column":11},"end":{"line":141,"column":5}}],"line":130},"10":{"loc":{"start":{"line":130,"column":8},"end":{"line":130,"column":45}},"type":"binary-expr","locations":[{"start":{"line":130,"column":8},"end":{"line":130,"column":22}},{"start":{"line":130,"column":26},"end":{"line":130,"column":45}}],"line":130},"11":{"loc":{"start":{"line":156,"column":6},"end":{"line":158,"column":7}},"type":"if","locations":[{"start":{"line":156,"column":6},"end":{"line":158,"column":7}},{"start":{},"end":{}}],"line":156},"12":{"loc":{"start":{"line":164,"column":4},"end":{"line":164,"column":50}},"type":"if","locations":[{"start":{"line":164,"column":4},"end":{"line":164,"column":50}},{"start":{},"end":{}}],"line":164},"13":{"loc":{"start":{"line":166,"column":4},"end":{"line":180,"column":5}},"type":"if","locations":[{"start":{"line":166,"column":4},"end":{"line":180,"column":5}},{"start":{"line":168,"column":11},"end":{"line":180,"column":5}}],"line":166},"14":{"loc":{"start":{"line":172,"column":8},"end":{"line":172,"column":59}},"type":"binary-expr","locations":[{"start":{"line":172,"column":8},"end":{"line":172,"column":31}},{"start":{"line":172,"column":35},"end":{"line":172,"column":59}}],"line":172},"15":{"loc":{"start":{"line":173,"column":6},"end":{"line":179,"column":7}},"type":"if","locations":[{"start":{"line":173,"column":6},"end":{"line":179,"column":7}},{"start":{"line":177,"column":13},"end":{"line":179,"column":7}}],"line":173},"16":{"loc":{"start":{"line":194,"column":6},"end":{"line":235,"column":7}},"type":"if","locations":[{"start":{"line":194,"column":6},"end":{"line":235,"column":7}},{"start":{"line":202,"column":13},"end":{"line":235,"column":7}}],"line":194},"17":{"loc":{"start":{"line":208,"column":33},"end":{"line":208,"column":53}},"type":"binary-expr","locations":[{"start":{"line":208,"column":33},"end":{"line":208,"column":47}},{"start":{"line":208,"column":51},"end":{"line":208,"column":53}}],"line":208},"18":{"loc":{"start":{"line":211,"column":10},"end":{"line":225,"column":11}},"type":"if","locations":[{"start":{"line":211,"column":10},"end":{"line":225,"column":11}},{"start":{"line":223,"column":17},"end":{"line":225,"column":11}}],"line":211},"19":{"loc":{"start":{"line":211,"column":14},"end":{"line":211,"column":55}},"type":"binary-expr","locations":[{"start":{"line":211,"column":14},"end":{"line":211,"column":27}},{"start":{"line":211,"column":31},"end":{"line":211,"column":55}}],"line":211},"20":{"loc":{"start":{"line":220,"column":12},"end":{"line":222,"column":13}},"type":"if","locations":[{"start":{"line":220,"column":12},"end":{"line":222,"column":13}},{"start":{},"end":{}}],"line":220},"21":{"loc":{"start":{"line":253,"column":12},"end":{"line":253,"column":49}},"type":"cond-expr","locations":[{"start":{"line":253,"column":24},"end":{"line":253,"column":44}},{"start":{"line":253,"column":47},"end":{"line":253,"column":49}}],"line":253},"22":{"loc":{"start":{"line":261,"column":8},"end":{"line":263,"column":9}},"type":"if","locations":[{"start":{"line":261,"column":8},"end":{"line":263,"column":9}},{"start":{},"end":{}}],"line":261},"23":{"loc":{"start":{"line":266,"column":8},"end":{"line":268,"column":9}},"type":"if","locations":[{"start":{"line":266,"column":8},"end":{"line":268,"column":9}},{"start":{},"end":{}}],"line":266},"24":{"loc":{"start":{"line":275,"column":6},"end":{"line":275,"column":68}},"type":"binary-expr","locations":[{"start":{"line":275,"column":6},"end":{"line":275,"column":25}},{"start":{"line":275,"column":29},"end":{"line":275,"column":68}}],"line":275},"25":{"loc":{"start":{"line":276,"column":4},"end":{"line":290,"column":5}},"type":"if","locations":[{"start":{"line":276,"column":4},"end":{"line":290,"column":5}},{"start":{"line":288,"column":11},"end":{"line":290,"column":5}}],"line":276},"26":{"loc":{"start":{"line":277,"column":6},"end":{"line":287,"column":7}},"type":"if","locations":[{"start":{"line":277,"column":6},"end":{"line":287,"column":7}},{"start":{"line":283,"column":13},"end":{"line":287,"column":7}}],"line":277},"27":{"loc":{"start":{"line":278,"column":8},"end":{"line":280,"column":9}},"type":"if","locations":[{"start":{"line":278,"column":8},"end":{"line":280,"column":9}},{"start":{},"end":{}}],"line":278},"28":{"loc":{"start":{"line":289,"column":13},"end":{"line":289,"column":62}},"type":"cond-expr","locations":[{"start":{"line":289,"column":31},"end":{"line":289,"column":50}},{"start":{"line":289,"column":53},"end":{"line":289,"column":62}}],"line":289},"29":{"loc":{"start":{"line":297,"column":6},"end":{"line":299,"column":7}},"type":"if","locations":[{"start":{"line":297,"column":6},"end":{"line":299,"column":7}},{"start":{},"end":{}}],"line":297},"30":{"loc":{"start":{"line":318,"column":4},"end":{"line":323,"column":5}},"type":"if","locations":[{"start":{"line":318,"column":4},"end":{"line":323,"column":5}},{"start":{},"end":{}}],"line":318}},"s":{"0":1,"1":1,"2":1,"3":3,"4":0,"5":2,"6":2,"7":2,"8":0,"9":2,"10":2,"11":1,"12":0,"13":1,"14":1,"15":1,"16":1,"17":1,"18":1,"19":1,"20":1,"21":1,"22":0,"23":1,"24":9,"25":1,"26":0,"27":0,"28":0,"29":0,"30":0,"31":1,"32":1,"33":1,"34":1,"35":0,"36":0,"37":0,"38":0,"39":0,"40":3,"41":2,"42":1,"43":0,"44":1,"45":1,"46":1,"47":1,"48":0,"49":1,"50":1,"51":1,"52":1,"53":2,"54":2,"55":2,"56":2,"57":0,"58":0,"59":0,"60":0,"61":0,"62":0,"63":0,"64":0,"65":0,"66":0,"67":0,"68":2,"69":2,"70":1,"71":1,"72":1,"73":1,"74":1,"75":1,"76":1,"77":1,"78":0,"79":1,"80":0,"81":0,"82":1,"83":1,"84":1,"85":0,"86":0,"87":0,"88":0,"89":1,"90":0,"91":1,"92":1,"93":1,"94":2,"95":2,"96":1,"97":2,"98":1,"99":1,"100":0,"101":1,"102":5,"103":0,"104":1,"105":1},"f":{"0":3,"1":0,"2":2,"3":2,"4":1,"5":1,"6":1,"7":1,"8":1,"9":9,"10":0,"11":0,"12":0,"13":1,"14":3,"15":1,"16":0,"17":2,"18":1,"19":1,"20":2,"21":1,"22":5,"23":1},"b":{"0":[2,2],"1":[0,2],"2":[0,2],"3":[0,1],"4":[1,0],"5":[0,1],"6":[1,1],"7":[9,9],"8":[9,9],"9":[0,0],"10":[0,0],"11":[0,0],"12":[2,1],"13":[0,1],"14":[1,1],"15":[1,0],"16":[2,0],"17":[0,0],"18":[0,0],"19":[0,0],"20":[0,0],"21":[0,1],"22":[0,1],"23":[0,0],"24":[1,0],"25":[1,0],"26":[0,1],"27":[0,0],"28":[0,0],"29":[2,0],"30":[0,5]},"_coverageSchema":"1a1c01bbd47fc00a2c39e90264f33305004495a9","hash":"74567073c2f34aef53febbf0617eeb64ea50cf46"}
}
