TN:
SF:src\index.ts
FN:53,isTruthy
FN:57,getTimeStr
FN:63,getFileContentBuffer
FN:69,(anonymous_3)
FN:70,(anonymous_4)
FN:82,(anonymous_5)
FN:91,(anonymous_6)
FN:102,(anonymous_7)
FN:108,(anonymous_8)
FN:109,(anonymous_9)
FN:129,(anonymous_10)
FN:133,(anonymous_11)
FN:138,(anonymous_12)
FN:144,(anonymous_13)
FN:163,(anonymous_14)
FN:185,(anonymous_15)
FN:209,(anonymous_16)
FN:239,(anonymous_17)
FN:273,(anonymous_18)
FN:293,(anonymous_19)
FN:301,(anonymous_20)
FN:308,(anonymous_21)
FN:317,(anonymous_22)
FN:326,(anonymous_23)
FNF:24
FNH:19
FNDA:3,isTruthy
FNDA:0,getTimeStr
FNDA:2,getFileContentBuffer
FNDA:2,(anonymous_3)
FNDA:1,(anonymous_4)
FNDA:1,(anonymous_5)
FNDA:1,(anonymous_6)
FNDA:1,(anonymous_7)
FNDA:1,(anonymous_8)
FNDA:9,(anonymous_9)
FNDA:0,(anonymous_10)
FNDA:0,(anonymous_11)
FNDA:0,(anonymous_12)
FNDA:1,(anonymous_13)
FNDA:3,(anonymous_14)
FNDA:1,(anonymous_15)
FNDA:0,(anonymous_16)
FNDA:2,(anonymous_17)
FNDA:1,(anonymous_18)
FNDA:1,(anonymous_19)
FNDA:2,(anonymous_20)
FNDA:1,(anonymous_21)
FNDA:5,(anonymous_22)
FNDA:1,(anonymous_23)
DA:30,1
DA:51,1
DA:52,1
DA:54,3
DA:58,0
DA:64,2
DA:65,2
DA:66,2
DA:67,0
DA:69,2
DA:70,2
DA:71,1
DA:72,1
DA:83,1
DA:84,1
DA:85,1
DA:86,1
DA:88,1
DA:94,1
DA:95,1
DA:103,1
DA:104,0
DA:109,1
DA:110,9
DA:114,1
DA:130,0
DA:131,0
DA:134,0
DA:138,0
DA:139,0
DA:145,1
DA:146,1
DA:147,1
DA:148,1
DA:149,0
DA:151,0
DA:156,0
DA:157,0
DA:160,0
DA:164,3
DA:166,1
DA:167,0
DA:171,1
DA:173,1
DA:175,1
DA:176,1
DA:178,0
DA:181,1
DA:182,1
DA:186,1
DA:187,1
DA:188,2
DA:189,2
DA:194,2
DA:195,2
DA:203,0
DA:204,0
DA:208,0
DA:209,0
DA:211,0
DA:212,0
DA:213,0
DA:220,0
DA:221,0
DA:224,0
DA:227,0
DA:246,2
DA:247,2
DA:248,1
DA:249,1
DA:250,1
DA:251,1
DA:257,1
DA:258,1
DA:261,1
DA:262,0
DA:264,1
DA:266,0
DA:267,0
DA:275,1
DA:276,1
DA:277,1
DA:278,0
DA:279,0
DA:281,0
DA:282,0
DA:284,1
DA:289,0
DA:294,1
DA:295,1
DA:296,1
DA:297,2
DA:298,2
DA:301,2
DA:309,1
DA:310,1
DA:311,0
DA:313,1
DA:318,5
DA:319,0
DA:327,1
DA:333,1
LF:102
LH:66
BRDA:64,0,0,2
BRDA:64,0,1,2
BRDA:65,1,0,0
BRDA:65,1,1,2
BRDA:66,2,0,0
BRDA:66,2,1,2
BRDA:71,3,0,0
BRDA:71,3,1,1
BRDA:98,4,0,1
BRDA:98,4,1,0
BRDA:103,5,0,0
BRDA:103,5,1,1
BRDA:103,6,0,1
BRDA:103,6,1,1
BRDA:110,7,0,9
BRDA:110,7,1,9
BRDA:111,8,0,9
BRDA:111,8,1,9
BRDA:130,9,0,0
BRDA:130,9,1,0
BRDA:130,10,0,0
BRDA:130,10,1,0
BRDA:156,11,0,0
BRDA:156,11,1,0
BRDA:164,12,0,2
BRDA:164,12,1,1
BRDA:166,13,0,0
BRDA:166,13,1,1
BRDA:172,14,0,1
BRDA:172,14,1,1
BRDA:173,15,0,1
BRDA:173,15,1,0
BRDA:194,16,0,2
BRDA:194,16,1,0
BRDA:208,17,0,0
BRDA:208,17,1,0
BRDA:211,18,0,0
BRDA:211,18,1,0
BRDA:211,19,0,0
BRDA:211,19,1,0
BRDA:220,20,0,0
BRDA:220,20,1,0
BRDA:253,21,0,0
BRDA:253,21,1,1
BRDA:261,22,0,0
BRDA:261,22,1,1
BRDA:266,23,0,0
BRDA:266,23,1,0
BRDA:275,24,0,1
BRDA:275,24,1,0
BRDA:276,25,0,1
BRDA:276,25,1,0
BRDA:277,26,0,0
BRDA:277,26,1,1
BRDA:278,27,0,0
BRDA:278,27,1,0
BRDA:289,28,0,0
BRDA:289,28,1,0
BRDA:297,29,0,2
BRDA:297,29,1,0
BRDA:318,30,0,0
BRDA:318,30,1,5
BRF:62
BRH:27
end_of_record
